C51 COMPILER V9.52.0.0   COMPIM                                                            03/29/2019 09:54:54 PAGE 1   


C51 COMPILER V9.52.0.0, COMPILATION OF MODULE COMPIM
OBJECT MODULE PLACED IN COMPIM.OBJ
COMPILER INVOKED BY: D:\Tools\keil uvision4\C51\BIN\C51.EXE COMPIM.c BROWSE DEBUG OBJECTEXTEND TABS(2)

line level    source

   1          #include "COMPIM.h"
*** WARNING C323 IN LINE 1 OF COMPIM.h: newline expected, extra characters found
   2          #include <reg51.h>
   3          
   4          // 函数功能: 接收串口数据
   5          // 参数: 无
   6          // 返回值: str
   7          unsigned char ReadDataFromCom()
   8          {
   9   1        unsigned char str;
  10   1        while(!RI);
  11   1        RI=0;
  12   1        str=SBUF;
  13   1        return str;
  14   1      }
  15            
  16          
  17          // 函数功能: 向串口发送数据
  18          // 参数: str[n] 要发送的数据
  19          // 返回值: 无
  20          void SendDataToCom(unsigned char str[])
  21          {
  22   1        unsigned char i=0;
  23   1        while(str[i]!='\0')
  24   1        {
  25   2          SBUF=str[i];
  26   2          while(!TI);
  27   2          TI=0;
  28   2          i++;
  29   2        }
  30   1      }
  31          
  32          // 函数功能: 向串口发送数据
  33          // 参数: str 要发送的数据
  34          // 返回值: 无
  35          void SendByteToCom(unsigned char str)
  36          {
  37   1        SBUF=str;
  38   1        while(!TI);
  39   1        TI=0;
  40   1      }


MODULE INFORMATION:   STATIC OVERLAYABLE
   CODE SIZE        =     51    ----
   CONSTANT SIZE    =   ----    ----
   XDATA SIZE       =   ----    ----
   PDATA SIZE       =   ----    ----
   DATA SIZE        =   ----       3
   IDATA SIZE       =   ----    ----
   BIT SIZE         =   ----    ----
END OF MODULE INFORMATION.


C51 COMPILATION COMPLETE.  1 WARNING(S),  0 ERROR(S)
